{"/Users/brijeshpujara/Desktop/Bank-Tech-Test/src/bankAccount.js": {"path":"/Users/brijeshpujara/Desktop/Bank-Tech-Test/src/bankAccount.js","statementMap":{"0":{"start":{"line":3,"column":4},"end":{"line":3,"column":20}},"1":{"start":{"line":4,"column":4},"end":{"line":4,"column":27}},"2":{"start":{"line":8,"column":4},"end":{"line":19,"column":5}},"3":{"start":{"line":9,"column":6},"end":{"line":9,"column":53}},"4":{"start":{"line":11,"column":6},"end":{"line":11,"column":29}},"5":{"start":{"line":12,"column":30},"end":{"line":17,"column":7}},"6":{"start":{"line":18,"column":6},"end":{"line":18,"column":46}},"7":{"start":{"line":23,"column":4},"end":{"line":34,"column":5}},"8":{"start":{"line":24,"column":6},"end":{"line":24,"column":56}},"9":{"start":{"line":26,"column":6},"end":{"line":26,"column":32}},"10":{"start":{"line":27,"column":30},"end":{"line":32,"column":7}},"11":{"start":{"line":33,"column":6},"end":{"line":33,"column":46}},"12":{"start":{"line":38,"column":4},"end":{"line":38,"column":29}},"13":{"start":{"line":42,"column":4},"end":{"line":42,"column":33}},"14":{"start":{"line":48,"column":4},"end":{"line":48,"column":56}},"15":{"start":{"line":49,"column":16},"end":{"line":49,"column":43}},"16":{"start":{"line":50,"column":4},"end":{"line":50,"column":20}},"17":{"start":{"line":51,"column":4},"end":{"line":56,"column":5}},"18":{"start":{"line":51,"column":17},"end":{"line":51,"column":18}},"19":{"start":{"line":52,"column":20},"end":{"line":52,"column":40}},"20":{"start":{"line":53,"column":6},"end":{"line":55,"column":8}},"21":{"start":{"line":57,"column":4},"end":{"line":57,"column":22}},"22":{"start":{"line":61,"column":0},"end":{"line":61,"column":29}}},"fnMap":{"0":{"name":"(anonymous_0)","decl":{"start":{"line":2,"column":2},"end":{"line":2,"column":3}},"loc":{"start":{"line":2,"column":16},"end":{"line":5,"column":3}},"line":2},"1":{"name":"(anonymous_1)","decl":{"start":{"line":7,"column":2},"end":{"line":7,"column":3}},"loc":{"start":{"line":7,"column":25},"end":{"line":20,"column":3}},"line":7},"2":{"name":"(anonymous_2)","decl":{"start":{"line":22,"column":2},"end":{"line":22,"column":3}},"loc":{"start":{"line":22,"column":31},"end":{"line":35,"column":3}},"line":22},"3":{"name":"(anonymous_3)","decl":{"start":{"line":37,"column":2},"end":{"line":37,"column":3}},"loc":{"start":{"line":37,"column":22},"end":{"line":39,"column":3}},"line":37},"4":{"name":"(anonymous_4)","decl":{"start":{"line":41,"column":2},"end":{"line":41,"column":3}},"loc":{"start":{"line":41,"column":19},"end":{"line":43,"column":3}},"line":41}},"branchMap":{"0":{"loc":{"start":{"line":8,"column":4},"end":{"line":19,"column":5}},"type":"if","locations":[{"start":{"line":8,"column":4},"end":{"line":19,"column":5}},{"start":{"line":10,"column":11},"end":{"line":19,"column":5}}],"line":8},"1":{"loc":{"start":{"line":23,"column":4},"end":{"line":34,"column":5}},"type":"if","locations":[{"start":{"line":23,"column":4},"end":{"line":34,"column":5}},{"start":{"line":25,"column":11},"end":{"line":34,"column":5}}],"line":23}},"s":{"0":9,"1":9,"2":7,"3":1,"4":6,"5":6,"6":6,"7":4,"8":1,"9":3,"10":3,"11":3,"12":6,"13":1,"14":1,"15":1,"16":1,"17":1,"18":1,"19":2,"20":2,"21":1,"22":1},"f":{"0":9,"1":7,"2":4,"3":6,"4":1},"b":{"0":[1,6],"1":[1,3]},"_coverageSchema":"1a1c01bbd47fc00a2c39e90264f33305004495a9","hash":"a4339e07caf6afa1490a169bee1dbf72cd8a785a"}
}
