{"/Users/brijeshpujara/Desktop/Bank-Tech-Test/src/bankAccount.js": {"path":"/Users/brijeshpujara/Desktop/Bank-Tech-Test/src/bankAccount.js","statementMap":{"0":{"start":{"line":3,"column":4},"end":{"line":3,"column":20}},"1":{"start":{"line":4,"column":4},"end":{"line":4,"column":27}},"2":{"start":{"line":8,"column":4},"end":{"line":8,"column":27}},"3":{"start":{"line":9,"column":4},"end":{"line":14,"column":7}},"4":{"start":{"line":18,"column":4},"end":{"line":18,"column":30}},"5":{"start":{"line":19,"column":4},"end":{"line":24,"column":7}},"6":{"start":{"line":28,"column":4},"end":{"line":28,"column":29}},"7":{"start":{"line":32,"column":16},"end":{"line":32,"column":57}},"8":{"start":{"line":33,"column":4},"end":{"line":38,"column":5}},"9":{"start":{"line":33,"column":17},"end":{"line":33,"column":18}},"10":{"start":{"line":34,"column":20},"end":{"line":34,"column":40}},"11":{"start":{"line":35,"column":6},"end":{"line":37,"column":8}},"12":{"start":{"line":39,"column":4},"end":{"line":39,"column":17}},"13":{"start":{"line":43,"column":0},"end":{"line":43,"column":29}},"14":{"start":{"line":45,"column":16},"end":{"line":45,"column":33}},"15":{"start":{"line":49,"column":0},"end":{"line":49,"column":33}},"16":{"start":{"line":51,"column":0},"end":{"line":51,"column":30}},"17":{"start":{"line":53,"column":0},"end":{"line":53,"column":33}}},"fnMap":{"0":{"name":"(anonymous_0)","decl":{"start":{"line":2,"column":2},"end":{"line":2,"column":3}},"loc":{"start":{"line":2,"column":16},"end":{"line":5,"column":3}},"line":2},"1":{"name":"(anonymous_1)","decl":{"start":{"line":7,"column":2},"end":{"line":7,"column":3}},"loc":{"start":{"line":7,"column":26},"end":{"line":15,"column":3}},"line":7},"2":{"name":"(anonymous_2)","decl":{"start":{"line":17,"column":2},"end":{"line":17,"column":3}},"loc":{"start":{"line":17,"column":32},"end":{"line":25,"column":3}},"line":17},"3":{"name":"(anonymous_3)","decl":{"start":{"line":27,"column":2},"end":{"line":27,"column":3}},"loc":{"start":{"line":27,"column":22},"end":{"line":29,"column":3}},"line":27},"4":{"name":"(anonymous_4)","decl":{"start":{"line":31,"column":2},"end":{"line":31,"column":3}},"loc":{"start":{"line":31,"column":14},"end":{"line":40,"column":3}},"line":31}},"branchMap":{},"s":{"0":8,"1":8,"2":6,"3":6,"4":3,"5":3,"6":6,"7":3,"8":3,"9":3,"10":3,"11":3,"12":3,"13":1,"14":1,"15":1,"16":1,"17":1},"f":{"0":8,"1":6,"2":3,"3":6,"4":3},"b":{},"_coverageSchema":"1a1c01bbd47fc00a2c39e90264f33305004495a9","hash":"b948a8687c9d171ab7f871918d4b1e9f477c2523"}
}
