TN:
SF:src/bankAccount.js
FN:2,(anonymous_0)
FN:7,(anonymous_1)
FN:22,(anonymous_2)
FN:37,(anonymous_3)
FNF:4
FNH:4
FNDA:2,(anonymous_0)
FNDA:2,(anonymous_1)
FNDA:1,(anonymous_2)
FNDA:2,(anonymous_3)
DA:3,2
DA:4,2
DA:8,2
DA:9,0
DA:11,2
DA:12,2
DA:18,2
DA:23,1
DA:24,0
DA:26,1
DA:27,1
DA:33,1
DA:38,2
DA:46,1
DA:48,1
DA:49,1
DA:50,1
LF:17
LH:15
BRDA:8,0,0,0
BRDA:8,0,1,2
BRDA:23,1,0,0
BRDA:23,1,1,1
BRDA:23,2,0,1
BRDA:23,2,1,1
BRF:6
BRH:4
end_of_record
TN:
SF:src/bankStatement.js
FN:2,(anonymous_0)
FN:6,(anonymous_1)
FNF:2
FNH:2
FNDA:1,(anonymous_0)
FNDA:1,(anonymous_1)
DA:3,1
DA:7,1
DA:13,1
DA:14,1
DA:16,1
DA:17,2
DA:21,1
DA:25,1
LF:8
LH:8
BRF:0
BRH:0
end_of_record
