TN:
SF:src/bankAccount.js
FN:2,(anonymous_0)
FN:7,(anonymous_1)
FN:22,(anonymous_2)
FN:37,(anonymous_3)
FN:41,(anonymous_4)
FNF:5
FNH:5
FNDA:9,(anonymous_0)
FNDA:7,(anonymous_1)
FNDA:4,(anonymous_2)
FNDA:6,(anonymous_3)
FNDA:1,(anonymous_4)
DA:3,9
DA:4,9
DA:8,7
DA:9,1
DA:11,6
DA:12,6
DA:18,6
DA:23,4
DA:24,1
DA:26,3
DA:27,3
DA:33,3
DA:38,6
DA:42,1
DA:48,1
DA:49,1
DA:50,1
DA:51,1
DA:52,2
DA:53,2
DA:57,1
DA:61,1
LF:22
LH:22
BRDA:8,0,0,1
BRDA:8,0,1,6
BRDA:23,1,0,1
BRDA:23,1,1,3
BRF:4
BRH:4
end_of_record
